TN:
SF:src/domain/entities/ServiceCacheEntry.js
FN:10,(anonymous_0)
FN:18,(anonymous_1)
FNF:2
FNH:2
FNDA:6,(anonymous_0)
FNDA:2,(anonymous_1)
DA:12,6
DA:13,6
DA:14,6
DA:15,6
DA:20,0
LF:5
LH:4
BRDA:14,0,0,6
BRDA:14,0,1,1
BRDA:15,1,0,6
BRDA:15,1,1,1
BRDA:18,2,0,0
BRF:5
BRH:4
end_of_record
TN:
SF:src/domain/entities/Signature.js
FN:41,(anonymous_0)
FN:110,(anonymous_1)
FNF:2
FNH:2
FNDA:14,(anonymous_0)
FNDA:2,(anonymous_1)
DA:43,14
DA:44,14
DA:45,14
DA:47,14
DA:48,14
DA:50,14
DA:51,14
DA:53,14
DA:54,14
DA:55,14
DA:57,14
DA:58,14
DA:60,14
DA:61,14
DA:62,14
DA:64,14
DA:66,14
DA:67,14
DA:68,14
DA:69,14
DA:70,14
DA:71,14
DA:73,14
DA:74,14
DA:76,14
DA:78,14
DA:79,14
DA:80,14
DA:82,14
DA:83,14
DA:85,14
DA:86,14
DA:88,14
DA:112,0
DA:114,0
LF:35
LH:33
BRDA:48,0,0,14
BRDA:48,0,1,0
BRDA:51,1,0,14
BRDA:51,1,1,0
BRDA:54,2,0,14
BRDA:54,2,1,14
BRDA:55,3,0,14
BRDA:55,3,1,14
BRDA:58,4,0,14
BRDA:58,4,1,14
BRDA:60,5,0,14
BRDA:60,5,1,14
BRDA:62,6,0,14
BRDA:62,6,1,1
BRDA:64,7,0,14
BRDA:64,7,1,14
BRDA:66,8,0,14
BRDA:66,8,1,14
BRDA:67,9,0,14
BRDA:67,9,1,14
BRDA:68,10,0,14
BRDA:68,10,1,14
BRDA:69,11,0,14
BRDA:69,11,1,14
BRDA:71,12,0,14
BRDA:71,12,1,14
BRDA:73,13,0,14
BRDA:73,13,1,14
BRDA:74,14,0,14
BRDA:74,14,1,14
BRDA:76,15,0,14
BRDA:76,15,1,14
BRDA:78,16,0,14
BRDA:78,16,1,1
BRDA:79,17,0,14
BRDA:79,17,1,14
BRDA:80,18,0,14
BRDA:80,18,1,14
BRDA:82,19,0,14
BRDA:82,19,1,14
BRDA:83,20,0,14
BRDA:83,20,1,14
BRDA:85,21,0,14
BRDA:85,21,1,14
BRDA:86,22,0,14
BRDA:86,22,1,1
BRDA:88,23,0,14
BRDA:88,23,1,5
BRDA:112,24,0,0
BRDA:112,24,1,0
BRDA:120,25,0,0
BRDA:120,25,1,0
BRDA:123,26,0,0
BRDA:123,26,1,0
BRDA:125,27,0,0
BRDA:125,27,1,0
BRDA:126,28,0,0
BRDA:126,28,1,0
BRDA:127,29,0,0
BRDA:127,29,1,0
BRDA:132,30,0,0
BRDA:132,30,1,0
BRDA:148,31,0,0
BRDA:148,31,1,0
BRDA:154,32,0,0
BRDA:154,32,1,0
BRDA:160,33,0,0
BRDA:160,33,1,0
BRF:68
BRH:46
end_of_record
TN:
SF:src/domain/entities/SignatureCheck.js
FN:15,(anonymous_0)
FNF:1
FNH:1
FNDA:10,(anonymous_0)
DA:16,10
DA:17,10
DA:18,10
DA:19,10
DA:20,10
DA:21,10
LF:6
LH:6
BRDA:17,0,0,10
BRDA:17,0,1,0
BRDA:18,1,0,10
BRDA:18,1,1,0
BRDA:21,2,0,10
BRDA:21,2,1,3
BRF:6
BRH:4
end_of_record
TN:
SF:src/domain/entities/SignatureRequest.js
FN:3,(anonymous_0)
FN:24,(anonymous_1)
FNF:2
FNH:2
FNDA:2,(anonymous_0)
FNDA:1,(anonymous_1)
DA:13,2
DA:14,2
DA:15,2
DA:16,2
DA:17,2
DA:18,2
DA:19,2
DA:20,2
DA:32,1
DA:34,1
LF:10
LH:10
BRF:0
BRH:0
end_of_record
TN:
SF:src/domain/entities/SignerAuthorization.js
FN:23,(anonymous_0)
FN:48,(anonymous_1)
FNF:2
FNH:2
FNDA:6,(anonymous_0)
FNDA:2,(anonymous_1)
DA:25,6
DA:26,6
DA:28,6
DA:29,6
DA:30,6
DA:32,6
DA:33,6
DA:34,6
DA:35,6
DA:37,6
DA:38,6
DA:39,6
DA:40,6
DA:42,6
DA:50,2
DA:52,2
LF:16
LH:16
BRDA:30,0,0,6
BRDA:30,0,1,2
BRDA:32,1,0,6
BRDA:32,1,1,2
BRDA:33,2,0,6
BRDA:33,2,1,2
BRDA:34,3,0,6
BRDA:34,3,1,2
BRDA:35,4,0,6
BRDA:35,4,1,2
BRDA:37,5,0,6
BRDA:37,5,1,3
BRDA:38,6,0,6
BRDA:38,6,1,2
BRDA:39,7,0,6
BRDA:39,7,1,6
BRDA:40,8,0,6
BRDA:40,8,1,1
BRDA:42,9,0,6
BRDA:42,9,1,2
BRDA:57,10,0,1
BRDA:57,10,1,1
BRDA:58,11,0,2
BRDA:58,11,1,1
BRDA:59,12,0,2
BRDA:59,12,1,1
BRDA:60,13,0,2
BRDA:60,13,1,1
BRDA:61,14,0,2
BRDA:61,14,1,1
BRDA:63,15,0,2
BRDA:63,15,1,1
BRDA:65,16,0,2
BRDA:65,16,1,1
BRDA:66,17,0,2
BRDA:66,17,1,1
BRF:36
BRH:36
end_of_record
TN:
SF:src/domain/valueObjects/RequestOrigin.js
FN:12,(anonymous_0)
FN:21,(anonymous_1)
FN:32,(anonymous_2)
FNF:3
FNH:3
FNDA:30,(anonymous_0)
FNDA:7,(anonymous_1)
FNDA:14,(anonymous_2)
DA:14,30
DA:15,30
DA:16,30
DA:17,30
DA:18,30
DA:23,8
DA:34,14
LF:7
LH:7
BRDA:14,0,0,30
BRDA:14,0,1,1
BRDA:15,1,0,30
BRDA:15,1,1,1
BRDA:16,2,0,30
BRDA:16,2,1,1
BRDA:17,3,0,30
BRDA:17,3,1,1
BRDA:18,4,0,30
BRDA:18,4,1,1
BRDA:21,5,0,8
BRF:11
BRH:11
end_of_record
TN:
SF:src/infrastructure/aws/dynamoClient.js
FNF:0
FNH:0
DA:4,4
DA:13,4
DA:22,4
DA:23,4
DA:24,4
DA:25,4
LF:6
LH:6
BRDA:5,0,0,4
BRDA:5,0,1,4
BRDA:6,1,0,4
BRDA:6,1,1,4
BRDA:8,2,0,4
BRDA:8,2,1,4
BRDA:9,3,0,4
BRDA:9,3,1,4
BRDA:22,4,0,4
BRDA:22,4,1,4
BRDA:23,5,0,4
BRDA:23,5,1,4
BRDA:24,6,0,4
BRDA:24,6,1,4
BRDA:25,7,0,4
BRDA:25,7,1,4
BRF:16
BRH:16
end_of_record
TN:
SF:src/infrastructure/repositories/DynamoServiceCacheRepository.js
FN:8,(anonymous_0)
FN:14,(anonymous_1)
FN:27,(anonymous_2)
FN:38,(anonymous_3)
FN:58,(anonymous_4)
FN:67,(anonymous_5)
FNF:6
FNH:6
FNDA:6,(anonymous_0)
FNDA:2,(anonymous_1)
FNDA:1,(anonymous_2)
FNDA:1,(anonymous_3)
FNDA:2,(anonymous_4)
FNDA:2,(anonymous_5)
DA:9,6
DA:10,6
DA:11,6
DA:16,2
DA:21,2
DA:22,2
DA:24,1
DA:28,1
DA:30,1
DA:35,1
DA:39,1
DA:41,1
DA:55,1
DA:59,2
DA:68,2
LF:15
LH:15
BRDA:8,0,0,6
BRDA:8,1,0,6
BRDA:22,2,0,1
BRDA:22,2,1,1
BRDA:62,3,0,2
BRDA:62,3,1,0
BRDA:63,4,0,2
BRDA:63,4,1,0
BRF:8
BRH:6
end_of_record
TN:
SF:src/infrastructure/repositories/DynamoSignaturesCheckRepository.js
FN:14,(anonymous_0)
FN:24,(anonymous_1)
FN:41,(anonymous_2)
FN:54,(anonymous_3)
FN:68,(anonymous_4)
FNF:5
FNH:5
FNDA:6,(anonymous_0)
FNDA:1,(anonymous_1)
FNDA:2,(anonymous_2)
FNDA:5,(anonymous_3)
FNDA:3,(anonymous_4)
DA:16,6
DA:17,6
DA:18,6
DA:26,1
DA:28,1
DA:33,1
DA:43,2
DA:48,2
DA:49,2
DA:51,1
DA:56,5
DA:70,3
LF:12
LH:12
BRDA:14,0,0,6
BRDA:14,1,0,6
BRDA:49,2,0,1
BRDA:49,2,1,1
BRDA:62,3,0,4
BRDA:62,3,1,1
BRDA:76,4,0,2
BRDA:76,4,1,1
BRF:8
BRH:8
end_of_record
TN:
SF:src/infrastructure/repositories/DynamoSignaturesRepository.js
FN:14,(anonymous_0)
FN:25,(anonymous_1)
FN:40,(anonymous_2)
FN:64,(anonymous_3)
FN:87,(anonymous_4)
FN:100,(anonymous_5)
FN:182,(anonymous_6)
FN:237,(anonymous_7)
FNF:8
FNH:7
FNDA:10,(anonymous_0)
FNDA:1,(anonymous_1)
FNDA:2,(anonymous_2)
FNDA:2,(anonymous_3)
FNDA:0,(anonymous_4)
FNDA:2,(anonymous_5)
FNDA:6,(anonymous_6)
FNDA:4,(anonymous_7)
DA:16,10
DA:17,10
DA:18,10
DA:27,1
DA:29,1
DA:34,1
DA:42,2
DA:50,2
DA:51,2
DA:52,1
DA:55,1
DA:66,2
DA:76,2
DA:77,2
DA:78,1
DA:81,1
DA:89,0
DA:91,0
DA:102,2
DA:123,2
DA:124,2
DA:125,2
DA:127,2
DA:128,2
DA:129,2
DA:131,2
DA:132,36
DA:133,33
DA:136,3
DA:137,3
DA:138,3
DA:140,3
DA:141,1
DA:144,3
DA:145,1
DA:149,2
DA:150,1
DA:151,1
DA:152,1
DA:155,2
DA:156,1
DA:159,1
DA:161,1
DA:164,2
DA:165,1
DA:168,1
DA:176,1
DA:184,6
DA:239,4
LF:49
LH:47
BRDA:14,0,0,10
BRDA:14,1,0,10
BRDA:51,2,0,1
BRDA:51,2,1,1
BRDA:77,3,0,1
BRDA:77,3,1,1
BRDA:77,4,0,2
BRDA:77,4,1,2
BRDA:132,5,0,33
BRDA:132,5,1,3
BRDA:140,6,0,1
BRDA:140,6,1,2
BRDA:144,7,0,1
BRDA:144,7,1,2
BRDA:149,8,0,1
BRDA:149,8,1,1
BRDA:155,9,0,1
BRDA:155,9,1,1
BRDA:164,10,0,1
BRDA:164,10,1,1
BRDA:230,11,0,5
BRDA:230,11,1,1
BRDA:285,12,0,3
BRDA:285,12,1,1
BRF:24
BRH:24
end_of_record
TN:
SF:src/infrastructure/repositories/DynamoSignersAuthorizationRepository.js
FN:10,(anonymous_0)
FN:19,(anonymous_1)
FN:31,(anonymous_2)
FN:47,(anonymous_3)
FN:104,(anonymous_4)
FN:128,(anonymous_5)
FNF:6
FNH:6
FNDA:7,(anonymous_0)
FNDA:1,(anonymous_1)
FNDA:2,(anonymous_2)
FNDA:2,(anonymous_3)
FNDA:4,(anonymous_4)
FNDA:2,(anonymous_5)
DA:14,7
DA:15,7
DA:16,7
DA:21,1
DA:23,1
DA:28,1
DA:33,2
DA:41,2
DA:42,2
DA:44,1
DA:49,2
DA:60,2
DA:61,2
DA:62,2
DA:63,2
DA:64,2
DA:66,2
DA:67,16
DA:68,13
DA:71,3
DA:72,3
DA:73,3
DA:75,3
DA:76,1
DA:80,2
DA:81,1
DA:82,1
DA:83,1
DA:86,2
DA:87,1
DA:90,1
DA:101,1
DA:106,4
DA:130,2
LF:34
LH:34
BRDA:11,0,0,7
BRDA:12,1,0,7
BRDA:42,2,0,1
BRDA:42,2,1,1
BRDA:67,3,0,13
BRDA:67,3,1,3
BRDA:75,4,0,1
BRDA:75,4,1,2
BRDA:80,5,0,1
BRDA:80,5,1,1
BRDA:86,6,0,1
BRDA:86,6,1,1
BRDA:124,7,0,4
BRDA:124,7,1,0
BRDA:148,8,0,2
BRDA:148,8,1,0
BRF:16
BRH:14
end_of_record
